<?xml version="1.0" encoding="UTF-8"?>
<!-- Generated by org.testng.reporters.JUnitReportReporter -->
<testsuite hostname="SI-0151" name="GooglePageTest" tests="3" failures="0" timestamp="5 Oct 2016 08:16:07 GMT" time="6.362" errors="0">
  <testcase name="TestSerch2" time="2.853" classname="GooglePageTest"/>
  <testcase name="titleVerifyTest" time="1.074" classname="GooglePageTest"/>
  <testcase name="TestSearch" time="2.435" classname="GooglePageTest"/>
</testsuite> <!-- GooglePageTest -->
