<?xml version="1.0" encoding="UTF-8"?>
<!-- Generated by org.testng.reporters.JUnitReportReporter -->
<testsuite hostname="SI-0151" name="UApaySiteCheckTest" tests="1" failures="0" timestamp="5 Oct 2016 08:16:07 GMT" time="0.016" errors="0">
  <testcase name="TestMainPageTitle" time="0.016" classname="UApaySiteCheckTest"/>
</testsuite> <!-- UApaySiteCheckTest -->
